Analysis & Synthesis report for taxi_encoder
Wed Nov 30 13:17:41 2022
Quartus II 64-Bit Version 9.0 Build 132 02/25/2009 SJ Full Version


---------------------
; Table of Contents ;
---------------------
  1. Legal Notice
  2. Analysis & Synthesis Summary
  3. Analysis & Synthesis Settings
  4. Analysis & Synthesis Source Files Read
  5. Analysis & Synthesis Resource Usage Summary
  6. Analysis & Synthesis Resource Utilization by Entity
  7. Registers Removed During Synthesis
  8. Removed Registers Triggering Further Register Optimizations
  9. General Register Statistics
 10. Parameter Settings for Inferred Entity Instance: encoder:inst|lpm_divide:Div3
 11. Parameter Settings for Inferred Entity Instance: encoder:inst|lpm_divide:Div2
 12. Parameter Settings for Inferred Entity Instance: encoder:inst|lpm_divide:Mod1
 13. Parameter Settings for Inferred Entity Instance: encoder:inst|lpm_divide:Mod0
 14. Parameter Settings for Inferred Entity Instance: encoder:inst|lpm_divide:Div0
 15. Parameter Settings for Inferred Entity Instance: encoder:inst|lpm_divide:Div1
 16. Parameter Settings for Inferred Entity Instance: encoder:inst|lpm_divide:Mod4
 17. Parameter Settings for Inferred Entity Instance: encoder:inst|lpm_divide:Mod3
 18. Parameter Settings for Inferred Entity Instance: encoder:inst|lpm_divide:Mod2
 19. Parameter Settings for Inferred Entity Instance: encoder:inst|lpm_divide:Div4
 20. Parameter Settings for Inferred Entity Instance: encoder:inst|lpm_divide:Mod5
 21. Analysis & Synthesis Messages



----------------
; Legal Notice ;
----------------
Copyright (C) 1991-2009 Altera Corporation
Your use of Altera Corporation's design tools, logic functions 
and other software and tools, and its AMPP partner logic 
functions, and any output files from any of the foregoing 
(including device programming or simulation files), and any 
associated documentation or information are expressly subject 
to the terms and conditions of the Altera Program License 
Subscription Agreement, Altera MegaCore Function License 
Agreement, or other applicable license agreement, including, 
without limitation, that your use is for the sole purpose of 
programming logic devices manufactured by Altera and sold by 
Altera or its authorized distributors.  Please refer to the 
applicable agreement for further details.



+------------------------------------------------------------------------+
; Analysis & Synthesis Summary                                           ;
+-----------------------------+------------------------------------------+
; Analysis & Synthesis Status ; Successful - Wed Nov 30 13:17:41 2022    ;
; Quartus II 64-Bit Version   ; 9.0 Build 132 02/25/2009 SJ Full Version ;
; Revision Name               ; taxi_encoder                             ;
; Top-level Entity Name       ; taxi_encoder                             ;
; Family                      ; FLEX10K                                  ;
; Total logic elements        ; 12                                       ;
; Total pins                  ; 22                                       ;
; Total memory bits           ; 0                                        ;
+-----------------------------+------------------------------------------+


+--------------------------------------------------------------------------------------------------+
; Analysis & Synthesis Settings                                                                    ;
+----------------------------------------------------------------+-----------------+---------------+
; Option                                                         ; Setting         ; Default Value ;
+----------------------------------------------------------------+-----------------+---------------+
; Device                                                         ; EPF10K20TC144-3 ;               ;
; Top-level entity name                                          ; taxi_encoder    ; taxi_encoder  ;
; Family name                                                    ; FLEX10K         ; Stratix II    ;
; Use Generated Physical Constraints File                        ; Off             ;               ;
; Use smart compilation                                          ; Off             ; Off           ;
; Create Debugging Nodes for IP Cores                            ; Off             ; Off           ;
; Preserve fewer node names                                      ; On              ; On            ;
; Disable OpenCore Plus hardware evaluation                      ; Off             ; Off           ;
; Verilog Version                                                ; Verilog_2001    ; Verilog_2001  ;
; VHDL Version                                                   ; VHDL93          ; VHDL93        ;
; State Machine Processing                                       ; Auto            ; Auto          ;
; Safe State Machine                                             ; Off             ; Off           ;
; Extract Verilog State Machines                                 ; On              ; On            ;
; Extract VHDL State Machines                                    ; On              ; On            ;
; Ignore Verilog initial constructs                              ; Off             ; Off           ;
; Iteration limit for constant Verilog loops                     ; 5000            ; 5000          ;
; Iteration limit for non-constant Verilog loops                 ; 250             ; 250           ;
; Add Pass-Through Logic to Inferred RAMs                        ; On              ; On            ;
; Parallel Synthesis                                             ; Off             ; Off           ;
; NOT Gate Push-Back                                             ; On              ; On            ;
; Power-Up Don't Care                                            ; On              ; On            ;
; Remove Redundant Logic Cells                                   ; Off             ; Off           ;
; Remove Duplicate Registers                                     ; On              ; On            ;
; Ignore CARRY Buffers                                           ; Off             ; Off           ;
; Ignore CASCADE Buffers                                         ; Off             ; Off           ;
; Ignore GLOBAL Buffers                                          ; Off             ; Off           ;
; Ignore ROW GLOBAL Buffers                                      ; Off             ; Off           ;
; Ignore LCELL Buffers                                           ; Off             ; Off           ;
; Ignore SOFT Buffers                                            ; On              ; On            ;
; Limit AHDL Integers to 32 Bits                                 ; Off             ; Off           ;
; Auto Implement in ROM                                          ; Off             ; Off           ;
; Optimization Technique                                         ; Area            ; Area          ;
; Carry Chain Length                                             ; 32              ; 32            ;
; Cascade Chain Length                                           ; 2               ; 2             ;
; Auto Carry Chains                                              ; On              ; On            ;
; Auto Open-Drain Pins                                           ; On              ; On            ;
; Auto ROM Replacement                                           ; On              ; On            ;
; Auto RAM Replacement                                           ; On              ; On            ;
; Auto Clock Enable Replacement                                  ; On              ; On            ;
; Strict RAM Replacement                                         ; Off             ; Off           ;
; Auto Resource Sharing                                          ; Off             ; Off           ;
; Allow Any RAM Size For Recognition                             ; Off             ; Off           ;
; Allow Any ROM Size For Recognition                             ; Off             ; Off           ;
; Use LogicLock Constraints during Resource Balancing            ; On              ; On            ;
; Ignore translate_off and synthesis_off directives              ; Off             ; Off           ;
; Show Parameter Settings Tables in Synthesis Report             ; On              ; On            ;
; HDL message level                                              ; Level2          ; Level2        ;
; Suppress Register Optimization Related Messages                ; Off             ; Off           ;
; Number of Removed Registers Reported in Synthesis Report       ; 100             ; 100           ;
; Number of Inverted Registers Reported in Synthesis Report      ; 100             ; 100           ;
; Block Design Naming                                            ; Auto            ; Auto          ;
; Synthesis Effort                                               ; Auto            ; Auto          ;
; Allows Asynchronous Clear Usage For Shift Register Replacement ; On              ; On            ;
; Analysis & Synthesis Message Level                             ; Medium          ; Medium        ;
+----------------------------------------------------------------+-----------------+---------------+


+---------------------------------------------------------------------------------------------------------------------------------------------------------------------------+
; Analysis & Synthesis Source Files Read                                                                                                                                    ;
+----------------------------------+-----------------+------------------------------------+---------------------------------------------------------------------------------+
; File Name with User-Entered Path ; Used in Netlist ; File Type                          ; File Name with Absolute Path                                                    ;
+----------------------------------+-----------------+------------------------------------+---------------------------------------------------------------------------------+
; taxi_encoder.bdf                 ; yes             ; User Block Diagram/Schematic File  ; C:/Users/pooh/Desktop/taxi_3/taxi_encoder.bdf                                   ;
; taxi.vhd                         ; yes             ; User VHDL File                     ; C:/Users/pooh/Desktop/taxi_3/taxi.vhd                                           ;
; encoder.vhd                      ; yes             ; User VHDL File                     ; C:/Users/pooh/Desktop/taxi_3/encoder.vhd                                        ;
; lpm_divide.tdf                   ; yes             ; Megafunction                       ; e:/program files/quartus9.0/quartus/libraries/megafunctions/lpm_divide.tdf      ;
; abs_divider.inc                  ; yes             ; Megafunction                       ; e:/program files/quartus9.0/quartus/libraries/megafunctions/abs_divider.inc     ;
; sign_div_unsign.inc              ; yes             ; Megafunction                       ; e:/program files/quartus9.0/quartus/libraries/megafunctions/sign_div_unsign.inc ;
; aglobal90.inc                    ; yes             ; Megafunction                       ; e:/program files/quartus9.0/quartus/libraries/megafunctions/aglobal90.inc       ;
; db/lpm_divide_u2m.tdf            ; yes             ; Auto-Generated Megafunction        ; C:/Users/pooh/Desktop/taxi_3/db/lpm_divide_u2m.tdf                              ;
; db/sign_div_unsign_jlh.tdf       ; yes             ; Auto-Generated Megafunction        ; C:/Users/pooh/Desktop/taxi_3/db/sign_div_unsign_jlh.tdf                         ;
; db/alt_u_div_8ne.tdf             ; yes             ; Auto-Generated Megafunction        ; C:/Users/pooh/Desktop/taxi_3/db/alt_u_div_8ne.tdf                               ;
; db/add_sub_a9c.tdf               ; yes             ; Auto-Generated Megafunction        ; C:/Users/pooh/Desktop/taxi_3/db/add_sub_a9c.tdf                                 ;
; db/add_sub_b9c.tdf               ; yes             ; Auto-Generated Megafunction        ; C:/Users/pooh/Desktop/taxi_3/db/add_sub_b9c.tdf                                 ;
; db/add_sub_c9c.tdf               ; yes             ; Auto-Generated Megafunction        ; C:/Users/pooh/Desktop/taxi_3/db/add_sub_c9c.tdf                                 ;
; db/add_sub_d9c.tdf               ; yes             ; Auto-Generated Megafunction        ; C:/Users/pooh/Desktop/taxi_3/db/add_sub_d9c.tdf                                 ;
; db/add_sub_e9c.tdf               ; yes             ; Auto-Generated Megafunction        ; C:/Users/pooh/Desktop/taxi_3/db/add_sub_e9c.tdf                                 ;
; db/add_sub_f9c.tdf               ; yes             ; Auto-Generated Megafunction        ; C:/Users/pooh/Desktop/taxi_3/db/add_sub_f9c.tdf                                 ;
; db/add_sub_g9c.tdf               ; yes             ; Auto-Generated Megafunction        ; C:/Users/pooh/Desktop/taxi_3/db/add_sub_g9c.tdf                                 ;
; db/add_sub_h9c.tdf               ; yes             ; Auto-Generated Megafunction        ; C:/Users/pooh/Desktop/taxi_3/db/add_sub_h9c.tdf                                 ;
; db/lpm_divide_r2m.tdf            ; yes             ; Auto-Generated Megafunction        ; C:/Users/pooh/Desktop/taxi_3/db/lpm_divide_r2m.tdf                              ;
; db/sign_div_unsign_glh.tdf       ; yes             ; Auto-Generated Megafunction        ; C:/Users/pooh/Desktop/taxi_3/db/sign_div_unsign_glh.tdf                         ;
; db/alt_u_div_2ne.tdf             ; yes             ; Auto-Generated Megafunction        ; C:/Users/pooh/Desktop/taxi_3/db/alt_u_div_2ne.tdf                               ;
; db/lpm_divide_bsl.tdf            ; yes             ; Auto-Generated Megafunction        ; C:/Users/pooh/Desktop/taxi_3/db/lpm_divide_bsl.tdf                              ;
; db/sign_div_unsign_tmh.tdf       ; yes             ; Auto-Generated Megafunction        ; C:/Users/pooh/Desktop/taxi_3/db/sign_div_unsign_tmh.tdf                         ;
; db/alt_u_div_spe.tdf             ; yes             ; Auto-Generated Megafunction        ; C:/Users/pooh/Desktop/taxi_3/db/alt_u_div_spe.tdf                               ;
; db/add_sub_i9c.tdf               ; yes             ; Auto-Generated Megafunction        ; C:/Users/pooh/Desktop/taxi_3/db/add_sub_i9c.tdf                                 ;
; db/add_sub_qac.tdf               ; yes             ; Auto-Generated Megafunction        ; C:/Users/pooh/Desktop/taxi_3/db/add_sub_qac.tdf                                 ;
; db/lpm_divide_j1m.tdf            ; yes             ; Auto-Generated Megafunction        ; C:/Users/pooh/Desktop/taxi_3/db/lpm_divide_j1m.tdf                              ;
; db/sign_div_unsign_8kh.tdf       ; yes             ; Auto-Generated Megafunction        ; C:/Users/pooh/Desktop/taxi_3/db/sign_div_unsign_8kh.tdf                         ;
; db/alt_u_div_ike.tdf             ; yes             ; Auto-Generated Megafunction        ; C:/Users/pooh/Desktop/taxi_3/db/alt_u_div_ike.tdf                               ;
; db/lpm_divide_rpl.tdf            ; yes             ; Auto-Generated Megafunction        ; C:/Users/pooh/Desktop/taxi_3/db/lpm_divide_rpl.tdf                              ;
; db/sign_div_unsign_dkh.tdf       ; yes             ; Auto-Generated Megafunction        ; C:/Users/pooh/Desktop/taxi_3/db/sign_div_unsign_dkh.tdf                         ;
; db/alt_u_div_ske.tdf             ; yes             ; Auto-Generated Megafunction        ; C:/Users/pooh/Desktop/taxi_3/db/alt_u_div_ske.tdf                               ;
; db/lpm_divide_h1m.tdf            ; yes             ; Auto-Generated Megafunction        ; C:/Users/pooh/Desktop/taxi_3/db/lpm_divide_h1m.tdf                              ;
; db/sign_div_unsign_6kh.tdf       ; yes             ; Auto-Generated Megafunction        ; C:/Users/pooh/Desktop/taxi_3/db/sign_div_unsign_6kh.tdf                         ;
; db/alt_u_div_eke.tdf             ; yes             ; Auto-Generated Megafunction        ; C:/Users/pooh/Desktop/taxi_3/db/alt_u_div_eke.tdf                               ;
; db/lpm_divide_npl.tdf            ; yes             ; Auto-Generated Megafunction        ; C:/Users/pooh/Desktop/taxi_3/db/lpm_divide_npl.tdf                              ;
; db/sign_div_unsign_9kh.tdf       ; yes             ; Auto-Generated Megafunction        ; C:/Users/pooh/Desktop/taxi_3/db/sign_div_unsign_9kh.tdf                         ;
; db/alt_u_div_kke.tdf             ; yes             ; Auto-Generated Megafunction        ; C:/Users/pooh/Desktop/taxi_3/db/alt_u_div_kke.tdf                               ;
+----------------------------------+-----------------+------------------------------------+---------------------------------------------------------------------------------+


+------------------------------------------------------+
; Analysis & Synthesis Resource Usage Summary          ;
+--------------------------------+---------------------+
; Resource                       ; Usage               ;
+--------------------------------+---------------------+
; Total logic elements           ; 12                  ;
; Total combinational functions  ; 12                  ;
;     -- Total 4-input functions ; 0                   ;
;     -- Total 3-input functions ; 10                  ;
;     -- Total 2-input functions ; 1                   ;
;     -- Total 1-input functions ; 1                   ;
;     -- Total 0-input functions ; 0                   ;
; Total registers                ; 3                   ;
; I/O pins                       ; 22                  ;
; Maximum fan-out node           ; encoder:inst|cnt[0] ;
; Maximum fan-out                ; 12                  ;
; Total fan-out                  ; 45                  ;
; Average fan-out                ; 1.32                ;
+--------------------------------+---------------------+


+---------------------------------------------------------------------------------------------------------------------------------------------------------------------------------------------------------------+
; Analysis & Synthesis Resource Utilization by Entity                                                                                                                                                           ;
+----------------------------+-------------+--------------+-------------+------+--------------+-------------------+------------------+-----------------+------------+----------------------------+--------------+
; Compilation Hierarchy Node ; Logic Cells ; LC Registers ; Memory Bits ; Pins ; LUT-Only LCs ; Register-Only LCs ; LUT/Register LCs ; Carry Chain LCs ; Packed LCs ; Full Hierarchy Name        ; Library Name ;
+----------------------------+-------------+--------------+-------------+------+--------------+-------------------+------------------+-----------------+------------+----------------------------+--------------+
; |taxi_encoder              ; 12 (0)      ; 3            ; 0           ; 22   ; 9 (0)        ; 0 (0)             ; 3 (0)            ; 0 (0)           ; 0 (0)      ; |taxi_encoder              ; work         ;
;    |encoder:inst|          ; 12 (12)     ; 3            ; 0           ; 0    ; 9 (9)        ; 0 (0)             ; 3 (3)            ; 0 (0)           ; 0 (0)      ; |taxi_encoder|encoder:inst ; work         ;
+----------------------------+-------------+--------------+-------------+------+--------------+-------------------+------------------+-----------------+------------+----------------------------+--------------+
Note: For table entries with two numbers listed, the numbers in parentheses indicate the number of resources of the given type used by the specific entity alone. The numbers listed outside of parentheses indicate the total resources of the given type used by the specific entity and all of its sub-entities in the hierarchy.


+-------------------------------------------------------------------------------+
; Registers Removed During Synthesis                                            ;
+----------------------------------------+--------------------------------------+
; Register name                          ; Reason for Removal                   ;
+----------------------------------------+--------------------------------------+
; taxi:inst4|w_num[0]                    ; Stuck at GND due to stuck port clock ;
; taxi:inst4|money_reg[0..9]             ; Stuck at GND due to stuck port clock ;
; taxi:inst4|distance_reg[0..9]          ; Stuck at GND due to stuck port clock ;
; taxi:inst4|waitime_reg[0..9]           ; Stuck at GND due to stuck port clock ;
; taxi:inst4|flag                        ; Stuck at VCC due to stuck port clock ;
; taxi:inst4|d_num[0..3]                 ; Stuck at GND due to stuck port clock ;
; taxi:inst4|w_num[1..5]                 ; Stuck at GND due to stuck port clock ;
; Total Number of Removed Registers = 41 ;                                      ;
+----------------------------------------+--------------------------------------+


+-------------------------------------------------------------------------------------------------------------------+
; Removed Registers Triggering Further Register Optimizations                                                       ;
+-------------------------+-------------------------+---------------------------------------------------------------+
; Register name           ; Reason for Removal      ; Registers Removed due to This Register                        ;
+-------------------------+-------------------------+---------------------------------------------------------------+
; taxi:inst4|d_num[3]     ; Stuck at GND            ; taxi:inst4|d_num[2], taxi:inst4|d_num[1], taxi:inst4|d_num[0] ;
;                         ; due to stuck port clock ;                                                               ;
; taxi:inst4|money_reg[3] ; Stuck at GND            ; taxi:inst4|money_reg[2], taxi:inst4|money_reg[1]              ;
;                         ; due to stuck port clock ;                                                               ;
+-------------------------+-------------------------+---------------------------------------------------------------+


+------------------------------------------------------+
; General Register Statistics                          ;
+----------------------------------------------+-------+
; Statistic                                    ; Value ;
+----------------------------------------------+-------+
; Total registers                              ; 3     ;
; Number of registers using Synchronous Clear  ; 0     ;
; Number of registers using Synchronous Load   ; 0     ;
; Number of registers using Asynchronous Clear ; 0     ;
; Number of registers using Asynchronous Load  ; 0     ;
; Number of registers using Clock Enable       ; 0     ;
; Number of registers using Preset             ; 0     ;
+----------------------------------------------+-------+


+-------------------------------------------------------------------------------+
; Parameter Settings for Inferred Entity Instance: encoder:inst|lpm_divide:Div3 ;
+------------------------+----------------+-------------------------------------+
; Parameter Name         ; Value          ; Type                                ;
+------------------------+----------------+-------------------------------------+
; LPM_WIDTHN             ; 10             ; Untyped                             ;
; LPM_WIDTHD             ; 7              ; Untyped                             ;
; LPM_NREPRESENTATION    ; UNSIGNED       ; Untyped                             ;
; LPM_DREPRESENTATION    ; UNSIGNED       ; Untyped                             ;
; LPM_PIPELINE           ; 0              ; Untyped                             ;
; LPM_REMAINDERPOSITIVE  ; TRUE           ; Untyped                             ;
; MAXIMIZE_SPEED         ; 5              ; Untyped                             ;
; CBXI_PARAMETER         ; lpm_divide_u2m ; Untyped                             ;
; CARRY_CHAIN            ; MANUAL         ; Untyped                             ;
; OPTIMIZE_FOR_SPEED     ; 1              ; Untyped                             ;
; AUTO_CARRY_CHAINS      ; ON             ; AUTO_CARRY                          ;
; IGNORE_CARRY_BUFFERS   ; OFF            ; IGNORE_CARRY                        ;
; AUTO_CASCADE_CHAINS    ; ON             ; AUTO_CASCADE                        ;
; IGNORE_CASCADE_BUFFERS ; OFF            ; IGNORE_CASCADE                      ;
+------------------------+----------------+-------------------------------------+
Note: In order to hide this table in the UI and the text report file, please set the "Show Parameter Settings Tables in Synthesis Report" option in "Analysis and Synthesis Settings -> More Settings" to "Off".


+-------------------------------------------------------------------------------+
; Parameter Settings for Inferred Entity Instance: encoder:inst|lpm_divide:Div2 ;
+------------------------+----------------+-------------------------------------+
; Parameter Name         ; Value          ; Type                                ;
+------------------------+----------------+-------------------------------------+
; LPM_WIDTHN             ; 10             ; Untyped                             ;
; LPM_WIDTHD             ; 4              ; Untyped                             ;
; LPM_NREPRESENTATION    ; UNSIGNED       ; Untyped                             ;
; LPM_DREPRESENTATION    ; UNSIGNED       ; Untyped                             ;
; LPM_PIPELINE           ; 0              ; Untyped                             ;
; LPM_REMAINDERPOSITIVE  ; TRUE           ; Untyped                             ;
; MAXIMIZE_SPEED         ; 5              ; Untyped                             ;
; CBXI_PARAMETER         ; lpm_divide_r2m ; Untyped                             ;
; CARRY_CHAIN            ; MANUAL         ; Untyped                             ;
; OPTIMIZE_FOR_SPEED     ; 1              ; Untyped                             ;
; AUTO_CARRY_CHAINS      ; ON             ; AUTO_CARRY                          ;
; IGNORE_CARRY_BUFFERS   ; OFF            ; IGNORE_CARRY                        ;
; AUTO_CASCADE_CHAINS    ; ON             ; AUTO_CASCADE                        ;
; IGNORE_CASCADE_BUFFERS ; OFF            ; IGNORE_CASCADE                      ;
+------------------------+----------------+-------------------------------------+
Note: In order to hide this table in the UI and the text report file, please set the "Show Parameter Settings Tables in Synthesis Report" option in "Analysis and Synthesis Settings -> More Settings" to "Off".


+-------------------------------------------------------------------------------+
; Parameter Settings for Inferred Entity Instance: encoder:inst|lpm_divide:Mod1 ;
+------------------------+----------------+-------------------------------------+
; Parameter Name         ; Value          ; Type                                ;
+------------------------+----------------+-------------------------------------+
; LPM_WIDTHN             ; 10             ; Untyped                             ;
; LPM_WIDTHD             ; 10             ; Untyped                             ;
; LPM_NREPRESENTATION    ; UNSIGNED       ; Untyped                             ;
; LPM_DREPRESENTATION    ; UNSIGNED       ; Untyped                             ;
; LPM_PIPELINE           ; 0              ; Untyped                             ;
; LPM_REMAINDERPOSITIVE  ; TRUE           ; Untyped                             ;
; MAXIMIZE_SPEED         ; 5              ; Untyped                             ;
; CBXI_PARAMETER         ; lpm_divide_bsl ; Untyped                             ;
; CARRY_CHAIN            ; MANUAL         ; Untyped                             ;
; OPTIMIZE_FOR_SPEED     ; 1              ; Untyped                             ;
; AUTO_CARRY_CHAINS      ; ON             ; AUTO_CARRY                          ;
; IGNORE_CARRY_BUFFERS   ; OFF            ; IGNORE_CARRY                        ;
; AUTO_CASCADE_CHAINS    ; ON             ; AUTO_CASCADE                        ;
; IGNORE_CASCADE_BUFFERS ; OFF            ; IGNORE_CASCADE                      ;
+------------------------+----------------+-------------------------------------+
Note: In order to hide this table in the UI and the text report file, please set the "Show Parameter Settings Tables in Synthesis Report" option in "Analysis and Synthesis Settings -> More Settings" to "Off".


+-------------------------------------------------------------------------------+
; Parameter Settings for Inferred Entity Instance: encoder:inst|lpm_divide:Mod0 ;
+------------------------+----------------+-------------------------------------+
; Parameter Name         ; Value          ; Type                                ;
+------------------------+----------------+-------------------------------------+
; LPM_WIDTHN             ; 10             ; Untyped                             ;
; LPM_WIDTHD             ; 10             ; Untyped                             ;
; LPM_NREPRESENTATION    ; UNSIGNED       ; Untyped                             ;
; LPM_DREPRESENTATION    ; UNSIGNED       ; Untyped                             ;
; LPM_PIPELINE           ; 0              ; Untyped                             ;
; LPM_REMAINDERPOSITIVE  ; TRUE           ; Untyped                             ;
; MAXIMIZE_SPEED         ; 5              ; Untyped                             ;
; CBXI_PARAMETER         ; lpm_divide_bsl ; Untyped                             ;
; CARRY_CHAIN            ; MANUAL         ; Untyped                             ;
; OPTIMIZE_FOR_SPEED     ; 1              ; Untyped                             ;
; AUTO_CARRY_CHAINS      ; ON             ; AUTO_CARRY                          ;
; IGNORE_CARRY_BUFFERS   ; OFF            ; IGNORE_CARRY                        ;
; AUTO_CASCADE_CHAINS    ; ON             ; AUTO_CASCADE                        ;
; IGNORE_CASCADE_BUFFERS ; OFF            ; IGNORE_CASCADE                      ;
+------------------------+----------------+-------------------------------------+
Note: In order to hide this table in the UI and the text report file, please set the "Show Parameter Settings Tables in Synthesis Report" option in "Analysis and Synthesis Settings -> More Settings" to "Off".


+-------------------------------------------------------------------------------+
; Parameter Settings for Inferred Entity Instance: encoder:inst|lpm_divide:Div0 ;
+------------------------+----------------+-------------------------------------+
; Parameter Name         ; Value          ; Type                                ;
+------------------------+----------------+-------------------------------------+
; LPM_WIDTHN             ; 10             ; Untyped                             ;
; LPM_WIDTHD             ; 4              ; Untyped                             ;
; LPM_NREPRESENTATION    ; UNSIGNED       ; Untyped                             ;
; LPM_DREPRESENTATION    ; UNSIGNED       ; Untyped                             ;
; LPM_PIPELINE           ; 0              ; Untyped                             ;
; LPM_REMAINDERPOSITIVE  ; TRUE           ; Untyped                             ;
; MAXIMIZE_SPEED         ; 5              ; Untyped                             ;
; CBXI_PARAMETER         ; lpm_divide_r2m ; Untyped                             ;
; CARRY_CHAIN            ; MANUAL         ; Untyped                             ;
; OPTIMIZE_FOR_SPEED     ; 1              ; Untyped                             ;
; AUTO_CARRY_CHAINS      ; ON             ; AUTO_CARRY                          ;
; IGNORE_CARRY_BUFFERS   ; OFF            ; IGNORE_CARRY                        ;
; AUTO_CASCADE_CHAINS    ; ON             ; AUTO_CASCADE                        ;
; IGNORE_CASCADE_BUFFERS ; OFF            ; IGNORE_CASCADE                      ;
+------------------------+----------------+-------------------------------------+
Note: In order to hide this table in the UI and the text report file, please set the "Show Parameter Settings Tables in Synthesis Report" option in "Analysis and Synthesis Settings -> More Settings" to "Off".


+-------------------------------------------------------------------------------+
; Parameter Settings for Inferred Entity Instance: encoder:inst|lpm_divide:Div1 ;
+------------------------+----------------+-------------------------------------+
; Parameter Name         ; Value          ; Type                                ;
+------------------------+----------------+-------------------------------------+
; LPM_WIDTHN             ; 9              ; Untyped                             ;
; LPM_WIDTHD             ; 4              ; Untyped                             ;
; LPM_NREPRESENTATION    ; UNSIGNED       ; Untyped                             ;
; LPM_DREPRESENTATION    ; UNSIGNED       ; Untyped                             ;
; LPM_PIPELINE           ; 0              ; Untyped                             ;
; LPM_REMAINDERPOSITIVE  ; TRUE           ; Untyped                             ;
; MAXIMIZE_SPEED         ; 5              ; Untyped                             ;
; CBXI_PARAMETER         ; lpm_divide_j1m ; Untyped                             ;
; CARRY_CHAIN            ; MANUAL         ; Untyped                             ;
; OPTIMIZE_FOR_SPEED     ; 1              ; Untyped                             ;
; AUTO_CARRY_CHAINS      ; ON             ; AUTO_CARRY                          ;
; IGNORE_CARRY_BUFFERS   ; OFF            ; IGNORE_CARRY                        ;
; AUTO_CASCADE_CHAINS    ; ON             ; AUTO_CASCADE                        ;
; IGNORE_CASCADE_BUFFERS ; OFF            ; IGNORE_CASCADE                      ;
+------------------------+----------------+-------------------------------------+
Note: In order to hide this table in the UI and the text report file, please set the "Show Parameter Settings Tables in Synthesis Report" option in "Analysis and Synthesis Settings -> More Settings" to "Off".


+-------------------------------------------------------------------------------+
; Parameter Settings for Inferred Entity Instance: encoder:inst|lpm_divide:Mod4 ;
+------------------------+----------------+-------------------------------------+
; Parameter Name         ; Value          ; Type                                ;
+------------------------+----------------+-------------------------------------+
; LPM_WIDTHN             ; 9              ; Untyped                             ;
; LPM_WIDTHD             ; 9              ; Untyped                             ;
; LPM_NREPRESENTATION    ; UNSIGNED       ; Untyped                             ;
; LPM_DREPRESENTATION    ; UNSIGNED       ; Untyped                             ;
; LPM_PIPELINE           ; 0              ; Untyped                             ;
; LPM_REMAINDERPOSITIVE  ; TRUE           ; Untyped                             ;
; MAXIMIZE_SPEED         ; 5              ; Untyped                             ;
; CBXI_PARAMETER         ; lpm_divide_rpl ; Untyped                             ;
; CARRY_CHAIN            ; MANUAL         ; Untyped                             ;
; OPTIMIZE_FOR_SPEED     ; 1              ; Untyped                             ;
; AUTO_CARRY_CHAINS      ; ON             ; AUTO_CARRY                          ;
; IGNORE_CARRY_BUFFERS   ; OFF            ; IGNORE_CARRY                        ;
; AUTO_CASCADE_CHAINS    ; ON             ; AUTO_CASCADE                        ;
; IGNORE_CASCADE_BUFFERS ; OFF            ; IGNORE_CASCADE                      ;
+------------------------+----------------+-------------------------------------+
Note: In order to hide this table in the UI and the text report file, please set the "Show Parameter Settings Tables in Synthesis Report" option in "Analysis and Synthesis Settings -> More Settings" to "Off".


+-------------------------------------------------------------------------------+
; Parameter Settings for Inferred Entity Instance: encoder:inst|lpm_divide:Mod3 ;
+------------------------+----------------+-------------------------------------+
; Parameter Name         ; Value          ; Type                                ;
+------------------------+----------------+-------------------------------------+
; LPM_WIDTHN             ; 9              ; Untyped                             ;
; LPM_WIDTHD             ; 9              ; Untyped                             ;
; LPM_NREPRESENTATION    ; UNSIGNED       ; Untyped                             ;
; LPM_DREPRESENTATION    ; UNSIGNED       ; Untyped                             ;
; LPM_PIPELINE           ; 0              ; Untyped                             ;
; LPM_REMAINDERPOSITIVE  ; TRUE           ; Untyped                             ;
; MAXIMIZE_SPEED         ; 5              ; Untyped                             ;
; CBXI_PARAMETER         ; lpm_divide_rpl ; Untyped                             ;
; CARRY_CHAIN            ; MANUAL         ; Untyped                             ;
; OPTIMIZE_FOR_SPEED     ; 1              ; Untyped                             ;
; AUTO_CARRY_CHAINS      ; ON             ; AUTO_CARRY                          ;
; IGNORE_CARRY_BUFFERS   ; OFF            ; IGNORE_CARRY                        ;
; AUTO_CASCADE_CHAINS    ; ON             ; AUTO_CASCADE                        ;
; IGNORE_CASCADE_BUFFERS ; OFF            ; IGNORE_CASCADE                      ;
+------------------------+----------------+-------------------------------------+
Note: In order to hide this table in the UI and the text report file, please set the "Show Parameter Settings Tables in Synthesis Report" option in "Analysis and Synthesis Settings -> More Settings" to "Off".


+-------------------------------------------------------------------------------+
; Parameter Settings for Inferred Entity Instance: encoder:inst|lpm_divide:Mod2 ;
+------------------------+----------------+-------------------------------------+
; Parameter Name         ; Value          ; Type                                ;
+------------------------+----------------+-------------------------------------+
; LPM_WIDTHN             ; 9              ; Untyped                             ;
; LPM_WIDTHD             ; 9              ; Untyped                             ;
; LPM_NREPRESENTATION    ; UNSIGNED       ; Untyped                             ;
; LPM_DREPRESENTATION    ; UNSIGNED       ; Untyped                             ;
; LPM_PIPELINE           ; 0              ; Untyped                             ;
; LPM_REMAINDERPOSITIVE  ; TRUE           ; Untyped                             ;
; MAXIMIZE_SPEED         ; 5              ; Untyped                             ;
; CBXI_PARAMETER         ; lpm_divide_rpl ; Untyped                             ;
; CARRY_CHAIN            ; MANUAL         ; Untyped                             ;
; OPTIMIZE_FOR_SPEED     ; 1              ; Untyped                             ;
; AUTO_CARRY_CHAINS      ; ON             ; AUTO_CARRY                          ;
; IGNORE_CARRY_BUFFERS   ; OFF            ; IGNORE_CARRY                        ;
; AUTO_CASCADE_CHAINS    ; ON             ; AUTO_CASCADE                        ;
; IGNORE_CASCADE_BUFFERS ; OFF            ; IGNORE_CASCADE                      ;
+------------------------+----------------+-------------------------------------+
Note: In order to hide this table in the UI and the text report file, please set the "Show Parameter Settings Tables in Synthesis Report" option in "Analysis and Synthesis Settings -> More Settings" to "Off".


+-------------------------------------------------------------------------------+
; Parameter Settings for Inferred Entity Instance: encoder:inst|lpm_divide:Div4 ;
+------------------------+----------------+-------------------------------------+
; Parameter Name         ; Value          ; Type                                ;
+------------------------+----------------+-------------------------------------+
; LPM_WIDTHN             ; 7              ; Untyped                             ;
; LPM_WIDTHD             ; 4              ; Untyped                             ;
; LPM_NREPRESENTATION    ; UNSIGNED       ; Untyped                             ;
; LPM_DREPRESENTATION    ; UNSIGNED       ; Untyped                             ;
; LPM_PIPELINE           ; 0              ; Untyped                             ;
; LPM_REMAINDERPOSITIVE  ; TRUE           ; Untyped                             ;
; MAXIMIZE_SPEED         ; 5              ; Untyped                             ;
; CBXI_PARAMETER         ; lpm_divide_h1m ; Untyped                             ;
; CARRY_CHAIN            ; MANUAL         ; Untyped                             ;
; OPTIMIZE_FOR_SPEED     ; 1              ; Untyped                             ;
; AUTO_CARRY_CHAINS      ; ON             ; AUTO_CARRY                          ;
; IGNORE_CARRY_BUFFERS   ; OFF            ; IGNORE_CARRY                        ;
; AUTO_CASCADE_CHAINS    ; ON             ; AUTO_CASCADE                        ;
; IGNORE_CASCADE_BUFFERS ; OFF            ; IGNORE_CASCADE                      ;
+------------------------+----------------+-------------------------------------+
Note: In order to hide this table in the UI and the text report file, please set the "Show Parameter Settings Tables in Synthesis Report" option in "Analysis and Synthesis Settings -> More Settings" to "Off".


+-------------------------------------------------------------------------------+
; Parameter Settings for Inferred Entity Instance: encoder:inst|lpm_divide:Mod5 ;
+------------------------+----------------+-------------------------------------+
; Parameter Name         ; Value          ; Type                                ;
+------------------------+----------------+-------------------------------------+
; LPM_WIDTHN             ; 7              ; Untyped                             ;
; LPM_WIDTHD             ; 7              ; Untyped                             ;
; LPM_NREPRESENTATION    ; UNSIGNED       ; Untyped                             ;
; LPM_DREPRESENTATION    ; UNSIGNED       ; Untyped                             ;
; LPM_PIPELINE           ; 0              ; Untyped                             ;
; LPM_REMAINDERPOSITIVE  ; TRUE           ; Untyped                             ;
; MAXIMIZE_SPEED         ; 5              ; Untyped                             ;
; CBXI_PARAMETER         ; lpm_divide_npl ; Untyped                             ;
; CARRY_CHAIN            ; MANUAL         ; Untyped                             ;
; OPTIMIZE_FOR_SPEED     ; 1              ; Untyped                             ;
; AUTO_CARRY_CHAINS      ; ON             ; AUTO_CARRY                          ;
; IGNORE_CARRY_BUFFERS   ; OFF            ; IGNORE_CARRY                        ;
; AUTO_CASCADE_CHAINS    ; ON             ; AUTO_CASCADE                        ;
; IGNORE_CASCADE_BUFFERS ; OFF            ; IGNORE_CASCADE                      ;
+------------------------+----------------+-------------------------------------+
Note: In order to hide this table in the UI and the text report file, please set the "Show Parameter Settings Tables in Synthesis Report" option in "Analysis and Synthesis Settings -> More Settings" to "Off".


+-------------------------------+
; Analysis & Synthesis Messages ;
+-------------------------------+
Info: *******************************************************************
Info: Running Quartus II 64-Bit Analysis & Synthesis
    Info: Version 9.0 Build 132 02/25/2009 SJ Full Version
    Info: Processing started: Wed Nov 30 13:17:38 2022
Info: Command: quartus_map --read_settings_files=on --write_settings_files=off taxi_encoder -c taxi_encoder
Info: Found 1 design units, including 1 entities, in source file taxi_encoder.bdf
    Info: Found entity 1: taxi_encoder
Info: Found 2 design units, including 1 entities, in source file taxi.vhd
    Info: Found design unit 1: taxi-one
    Info: Found entity 1: taxi
Info: Found 2 design units, including 1 entities, in source file encoder.vhd
    Info: Found design unit 1: encoder-one
    Info: Found entity 1: encoder
Info: Elaborating entity "taxi_encoder" for the top level hierarchy
Info: Elaborating entity "encoder" for hierarchy "encoder:inst"
Info: Elaborating entity "taxi" for hierarchy "taxi:inst4"
Warning (10631): VHDL Process Statement warning at taxi.vhd(36): inferring latch(es) for signal or variable "start_1", which holds its previous value in one or more paths through the process
Warning (10631): VHDL Process Statement warning at taxi.vhd(36): inferring latch(es) for signal or variable "pause_1", which holds its previous value in one or more paths through the process
Warning (10873): Using initial value X (don't care) for net "clk_1s" at taxi.vhd(19)
Info (10041): Inferred latch for "pause_1" at taxi.vhd(46)
Info (10041): Inferred latch for "start_1" at taxi.vhd(46)
Info: Inferred 11 megafunctions from design logic
    Info: Inferred divider/modulo megafunction ("lpm_divide") from the following logic: "encoder:inst|Div3"
    Info: Inferred divider/modulo megafunction ("lpm_divide") from the following logic: "encoder:inst|Div2"
    Info: Inferred divider/modulo megafunction ("lpm_divide") from the following logic: "encoder:inst|Mod1"
    Info: Inferred divider/modulo megafunction ("lpm_divide") from the following logic: "encoder:inst|Mod0"
    Info: Inferred divider/modulo megafunction ("lpm_divide") from the following logic: "encoder:inst|Div0"
    Info: Inferred divider/modulo megafunction ("lpm_divide") from the following logic: "encoder:inst|Div1"
    Info: Inferred divider/modulo megafunction ("lpm_divide") from the following logic: "encoder:inst|Mod4"
    Info: Inferred divider/modulo megafunction ("lpm_divide") from the following logic: "encoder:inst|Mod3"
    Info: Inferred divider/modulo megafunction ("lpm_divide") from the following logic: "encoder:inst|Mod2"
    Info: Inferred divider/modulo megafunction ("lpm_divide") from the following logic: "encoder:inst|Div4"
    Info: Inferred divider/modulo megafunction ("lpm_divide") from the following logic: "encoder:inst|Mod5"
Info: Elaborated megafunction instantiation "encoder:inst|lpm_divide:Div3"
Info: Instantiated megafunction "encoder:inst|lpm_divide:Div3" with the following parameter:
    Info: Parameter "LPM_WIDTHN" = "10"
    Info: Parameter "LPM_WIDTHD" = "7"
    Info: Parameter "LPM_NREPRESENTATION" = "UNSIGNED"
    Info: Parameter "LPM_DREPRESENTATION" = "UNSIGNED"
Info: Found 1 design units, including 1 entities, in source file db/lpm_divide_u2m.tdf
    Info: Found entity 1: lpm_divide_u2m
Info: Found 1 design units, including 1 entities, in source file db/sign_div_unsign_jlh.tdf
    Info: Found entity 1: sign_div_unsign_jlh
Info: Found 1 design units, including 1 entities, in source file db/alt_u_div_8ne.tdf
    Info: Found entity 1: alt_u_div_8ne
Info: Found 1 design units, including 1 entities, in source file db/add_sub_a9c.tdf
    Info: Found entity 1: add_sub_a9c
Info: Found 1 design units, including 1 entities, in source file db/add_sub_b9c.tdf
    Info: Found entity 1: add_sub_b9c
Info: Found 1 design units, including 1 entities, in source file db/add_sub_c9c.tdf
    Info: Found entity 1: add_sub_c9c
Info: Found 1 design units, including 1 entities, in source file db/add_sub_d9c.tdf
    Info: Found entity 1: add_sub_d9c
Info: Found 1 design units, including 1 entities, in source file db/add_sub_e9c.tdf
    Info: Found entity 1: add_sub_e9c
Info: Found 1 design units, including 1 entities, in source file db/add_sub_f9c.tdf
    Info: Found entity 1: add_sub_f9c
Info: Found 1 design units, including 1 entities, in source file db/add_sub_g9c.tdf
    Info: Found entity 1: add_sub_g9c
Info: Found 1 design units, including 1 entities, in source file db/add_sub_h9c.tdf
    Info: Found entity 1: add_sub_h9c
Info: Elaborated megafunction instantiation "encoder:inst|lpm_divide:Div2"
Info: Instantiated megafunction "encoder:inst|lpm_divide:Div2" with the following parameter:
    Info: Parameter "LPM_WIDTHN" = "10"
    Info: Parameter "LPM_WIDTHD" = "4"
    Info: Parameter "LPM_NREPRESENTATION" = "UNSIGNED"
    Info: Parameter "LPM_DREPRESENTATION" = "UNSIGNED"
Info: Found 1 design units, including 1 entities, in source file db/lpm_divide_r2m.tdf
    Info: Found entity 1: lpm_divide_r2m
Info: Found 1 design units, including 1 entities, in source file db/sign_div_unsign_glh.tdf
    Info: Found entity 1: sign_div_unsign_glh
Info: Found 1 design units, including 1 entities, in source file db/alt_u_div_2ne.tdf
    Info: Found entity 1: alt_u_div_2ne
Info: Elaborated megafunction instantiation "encoder:inst|lpm_divide:Mod1"
Info: Instantiated megafunction "encoder:inst|lpm_divide:Mod1" with the following parameter:
    Info: Parameter "LPM_WIDTHN" = "10"
    Info: Parameter "LPM_WIDTHD" = "10"
    Info: Parameter "LPM_NREPRESENTATION" = "UNSIGNED"
    Info: Parameter "LPM_DREPRESENTATION" = "UNSIGNED"
Info: Found 1 design units, including 1 entities, in source file db/lpm_divide_bsl.tdf
    Info: Found entity 1: lpm_divide_bsl
Info: Found 1 design units, including 1 entities, in source file db/sign_div_unsign_tmh.tdf
    Info: Found entity 1: sign_div_unsign_tmh
Info: Found 1 design units, including 1 entities, in source file db/alt_u_div_spe.tdf
    Info: Found entity 1: alt_u_div_spe
Info: Found 1 design units, including 1 entities, in source file db/add_sub_i9c.tdf
    Info: Found entity 1: add_sub_i9c
Info: Found 1 design units, including 1 entities, in source file db/add_sub_qac.tdf
    Info: Found entity 1: add_sub_qac
Info: Elaborated megafunction instantiation "encoder:inst|lpm_divide:Mod0"
Info: Instantiated megafunction "encoder:inst|lpm_divide:Mod0" with the following parameter:
    Info: Parameter "LPM_WIDTHN" = "10"
    Info: Parameter "LPM_WIDTHD" = "10"
    Info: Parameter "LPM_NREPRESENTATION" = "UNSIGNED"
    Info: Parameter "LPM_DREPRESENTATION" = "UNSIGNED"
Info: Elaborated megafunction instantiation "encoder:inst|lpm_divide:Div0"
Info: Instantiated megafunction "encoder:inst|lpm_divide:Div0" with the following parameter:
    Info: Parameter "LPM_WIDTHN" = "10"
    Info: Parameter "LPM_WIDTHD" = "4"
    Info: Parameter "LPM_NREPRESENTATION" = "UNSIGNED"
    Info: Parameter "LPM_DREPRESENTATION" = "UNSIGNED"
Info: Elaborated megafunction instantiation "encoder:inst|lpm_divide:Div1"
Info: Instantiated megafunction "encoder:inst|lpm_divide:Div1" with the following parameter:
    Info: Parameter "LPM_WIDTHN" = "9"
    Info: Parameter "LPM_WIDTHD" = "4"
    Info: Parameter "LPM_NREPRESENTATION" = "UNSIGNED"
    Info: Parameter "LPM_DREPRESENTATION" = "UNSIGNED"
Info: Found 1 design units, including 1 entities, in source file db/lpm_divide_j1m.tdf
    Info: Found entity 1: lpm_divide_j1m
Info: Found 1 design units, including 1 entities, in source file db/sign_div_unsign_8kh.tdf
    Info: Found entity 1: sign_div_unsign_8kh
Info: Found 1 design units, including 1 entities, in source file db/alt_u_div_ike.tdf
    Info: Found entity 1: alt_u_div_ike
Info: Elaborated megafunction instantiation "encoder:inst|lpm_divide:Mod4"
Info: Instantiated megafunction "encoder:inst|lpm_divide:Mod4" with the following parameter:
    Info: Parameter "LPM_WIDTHN" = "9"
    Info: Parameter "LPM_WIDTHD" = "9"
    Info: Parameter "LPM_NREPRESENTATION" = "UNSIGNED"
    Info: Parameter "LPM_DREPRESENTATION" = "UNSIGNED"
Info: Found 1 design units, including 1 entities, in source file db/lpm_divide_rpl.tdf
    Info: Found entity 1: lpm_divide_rpl
Info: Found 1 design units, including 1 entities, in source file db/sign_div_unsign_dkh.tdf
    Info: Found entity 1: sign_div_unsign_dkh
Info: Found 1 design units, including 1 entities, in source file db/alt_u_div_ske.tdf
    Info: Found entity 1: alt_u_div_ske
Info: Elaborated megafunction instantiation "encoder:inst|lpm_divide:Mod2"
Info: Instantiated megafunction "encoder:inst|lpm_divide:Mod2" with the following parameter:
    Info: Parameter "LPM_WIDTHN" = "9"
    Info: Parameter "LPM_WIDTHD" = "9"
    Info: Parameter "LPM_NREPRESENTATION" = "UNSIGNED"
    Info: Parameter "LPM_DREPRESENTATION" = "UNSIGNED"
Info: Elaborated megafunction instantiation "encoder:inst|lpm_divide:Div4"
Info: Instantiated megafunction "encoder:inst|lpm_divide:Div4" with the following parameter:
    Info: Parameter "LPM_WIDTHN" = "7"
    Info: Parameter "LPM_WIDTHD" = "4"
    Info: Parameter "LPM_NREPRESENTATION" = "UNSIGNED"
    Info: Parameter "LPM_DREPRESENTATION" = "UNSIGNED"
Info: Found 1 design units, including 1 entities, in source file db/lpm_divide_h1m.tdf
    Info: Found entity 1: lpm_divide_h1m
Info: Found 1 design units, including 1 entities, in source file db/sign_div_unsign_6kh.tdf
    Info: Found entity 1: sign_div_unsign_6kh
Info: Found 1 design units, including 1 entities, in source file db/alt_u_div_eke.tdf
    Info: Found entity 1: alt_u_div_eke
Info: Elaborated megafunction instantiation "encoder:inst|lpm_divide:Mod5"
Info: Instantiated megafunction "encoder:inst|lpm_divide:Mod5" with the following parameter:
    Info: Parameter "LPM_WIDTHN" = "7"
    Info: Parameter "LPM_WIDTHD" = "7"
    Info: Parameter "LPM_NREPRESENTATION" = "UNSIGNED"
    Info: Parameter "LPM_DREPRESENTATION" = "UNSIGNED"
Info: Found 1 design units, including 1 entities, in source file db/lpm_divide_npl.tdf
    Info: Found entity 1: lpm_divide_npl
Info: Found 1 design units, including 1 entities, in source file db/sign_div_unsign_9kh.tdf
    Info: Found entity 1: sign_div_unsign_9kh
Info: Found 1 design units, including 1 entities, in source file db/alt_u_div_kke.tdf
    Info: Found entity 1: alt_u_div_kke
Warning: Output pins are stuck at VCC or GND
    Warning (13410): Pin "seg[6]" is stuck at GND
    Warning (13410): Pin "seg[5]" is stuck at VCC
    Warning (13410): Pin "seg[4]" is stuck at VCC
    Warning (13410): Pin "seg[3]" is stuck at VCC
    Warning (13410): Pin "seg[2]" is stuck at VCC
    Warning (13410): Pin "seg[1]" is stuck at VCC
    Warning (13410): Pin "seg[0]" is stuck at VCC
Warning: Design contains 5 input pin(s) that do not drive logic
    Warning (15610): No output dependent on input pin "clk"
    Warning (15610): No output dependent on input pin "start"
    Warning (15610): No output dependent on input pin "stop"
    Warning (15610): No output dependent on input pin "pause"
    Warning (15610): No output dependent on input pin "reset"
Info: Implemented 34 device resources after synthesis - the final resource count might be different
    Info: Implemented 6 input pins
    Info: Implemented 16 output pins
    Info: Implemented 12 logic cells
Info: Quartus II 64-Bit Analysis & Synthesis was successful. 0 errors, 17 warnings
    Info: Peak virtual memory: 4471 megabytes
    Info: Processing ended: Wed Nov 30 13:17:42 2022
    Info: Elapsed time: 00:00:04
    Info: Total CPU time (on all processors): 00:00:04


