Flow report for taxi_encoder
Wed Nov 30 13:17:47 2022
Quartus II 64-Bit Version 9.0 Build 132 02/25/2009 SJ Full Version


---------------------
; Table of Contents ;
---------------------
  1. Legal Notice
  2. Flow Summary
  3. Flow Settings
  4. Flow Non-Default Global Settings
  5. Flow Elapsed Time
  6. Flow OS Summary
  7. Flow Log



----------------
; Legal Notice ;
----------------
Copyright (C) 1991-2009 Altera Corporation
Your use of Altera Corporation's design tools, logic functions 
and other software and tools, and its AMPP partner logic 
functions, and any output files from any of the foregoing 
(including device programming or simulation files), and any 
associated documentation or information are expressly subject 
to the terms and conditions of the Altera Program License 
Subscription Agreement, Altera MegaCore Function License 
Agreement, or other applicable license agreement, including, 
without limitation, that your use is for the sole purpose of 
programming logic devices manufactured by Altera and sold by 
Altera or its authorized distributors.  Please refer to the 
applicable agreement for further details.



+----------------------------------------------------------------------+
; Flow Summary                                                         ;
+---------------------------+------------------------------------------+
; Flow Status               ; Successful - Wed Nov 30 13:17:47 2022    ;
; Quartus II 64-Bit Version ; 9.0 Build 132 02/25/2009 SJ Full Version ;
; Revision Name             ; taxi_encoder                             ;
; Top-level Entity Name     ; taxi_encoder                             ;
; Family                    ; FLEX10K                                  ;
; Device                    ; EPF10K20TC144-3                          ;
; Timing Models             ; Final                                    ;
; Met timing requirements   ; Yes                                      ;
; Total logic elements      ; 12 / 1,152 ( 1 % )                       ;
; Total pins                ; 22 / 102 ( 22 % )                        ;
; Total memory bits         ; 0 / 12,288 ( 0 % )                       ;
+---------------------------+------------------------------------------+


+-----------------------------------------+
; Flow Settings                           ;
+-------------------+---------------------+
; Option            ; Setting             ;
+-------------------+---------------------+
; Start date & time ; 11/30/2022 13:17:38 ;
; Main task         ; Compilation         ;
; Revision Name     ; taxi_encoder        ;
+-------------------+---------------------+


+-----------------------------------------------------------------------------------------------------------------------------------+
; Flow Non-Default Global Settings                                                                                                  ;
+------------------------------------+-----------------------------------------------+---------------+-------------+----------------+
; Assignment Name                    ; Value                                         ; Default Value ; Entity Name ; Section Id     ;
+------------------------------------+-----------------------------------------------+---------------+-------------+----------------+
; COMPILER_SIGNATURE_ID              ; 246775577944873.166978545802740               ; --            ; --          ; --             ;
; MAX_CORE_JUNCTION_TEMP             ; 85                                            ; --            ; --          ; --             ;
; MIN_CORE_JUNCTION_TEMP             ; 0                                             ; --            ; --          ; --             ;
; MISC_FILE                          ; C:/Users/pooh/Desktop/taxi_3/taxi_encoder.dpf ; --            ; --          ; --             ;
; USE_GENERATED_PHYSICAL_CONSTRAINTS ; Off                                           ; --            ; --          ; eda_blast_fpga ;
+------------------------------------+-----------------------------------------------+---------------+-------------+----------------+


+-----------------------------------------------------------------------------------------------------------------------------+
; Flow Elapsed Time                                                                                                           ;
+-------------------------+--------------+-------------------------+---------------------+------------------------------------+
; Module Name             ; Elapsed Time ; Average Processors Used ; Peak Virtual Memory ; Total CPU Time (on all processors) ;
+-------------------------+--------------+-------------------------+---------------------+------------------------------------+
; Analysis & Synthesis    ; 00:00:03     ; 1.0                     ; 4471 MB             ; 00:00:04                           ;
; Fitter                  ; 00:00:01     ; 1.0                     ; 4413 MB             ; 00:00:01                           ;
; Assembler               ; 00:00:02     ; 1.0                     ; 4372 MB             ; 00:00:02                           ;
; Classic Timing Analyzer ; 00:00:00     ; 1.0                     ; 4343 MB             ; 00:00:00                           ;
; Total                   ; 00:00:06     ; --                      ; --                  ; 00:00:07                           ;
+-------------------------+--------------+-------------------------+---------------------+------------------------------------+


+------------------------------------------------------------------------------------------+
; Flow OS Summary                                                                          ;
+-------------------------+------------------+---------------+------------+----------------+
; Module Name             ; Machine Hostname ; OS Name       ; OS Version ; Processor type ;
+-------------------------+------------------+---------------+------------+----------------+
; Analysis & Synthesis    ; DESKTOP-1Q398DG  ; Windows Vista ; 6.2        ; x86_64         ;
; Fitter                  ; DESKTOP-1Q398DG  ; Windows Vista ; 6.2        ; x86_64         ;
; Assembler               ; DESKTOP-1Q398DG  ; Windows Vista ; 6.2        ; x86_64         ;
; Classic Timing Analyzer ; DESKTOP-1Q398DG  ; Windows Vista ; 6.2        ; x86_64         ;
+-------------------------+------------------+---------------+------------+----------------+


------------
; Flow Log ;
------------
quartus_map --read_settings_files=on --write_settings_files=off taxi_encoder -c taxi_encoder
quartus_fit --read_settings_files=off --write_settings_files=off taxi_encoder -c taxi_encoder
quartus_asm --read_settings_files=off --write_settings_files=off taxi_encoder -c taxi_encoder
quartus_tan --read_settings_files=off --write_settings_files=off taxi_encoder -c taxi_encoder



