Classic Timing Analyzer report for taxi_encoder
Wed Nov 30 13:17:47 2022
Quartus II 64-Bit Version 9.0 Build 132 02/25/2009 SJ Full Version


---------------------
; Table of Contents ;
---------------------
  1. Legal Notice
  2. Timing Analyzer Summary
  3. Timing Analyzer Settings
  4. Clock Settings Summary
  5. Parallel Compilation
  6. Clock Setup: 'clk6mhz'
  7. tco
  8. Timing Analyzer Messages



----------------
; Legal Notice ;
----------------
Copyright (C) 1991-2009 Altera Corporation
Your use of Altera Corporation's design tools, logic functions 
and other software and tools, and its AMPP partner logic 
functions, and any output files from any of the foregoing 
(including device programming or simulation files), and any 
associated documentation or information are expressly subject 
to the terms and conditions of the Altera Program License 
Subscription Agreement, Altera MegaCore Function License 
Agreement, or other applicable license agreement, including, 
without limitation, that your use is for the sole purpose of 
programming logic devices manufactured by Altera and sold by 
Altera or its authorized distributors.  Please refer to the 
applicable agreement for further details.



+------------------------------------------------------------------------------------------------------------------------------------------------------------------------------------------+
; Timing Analyzer Summary                                                                                                                                                                  ;
+------------------------------+-------+---------------+------------------------------------------------+---------------------+---------------------+------------+----------+--------------+
; Type                         ; Slack ; Required Time ; Actual Time                                    ; From                ; To                  ; From Clock ; To Clock ; Failed Paths ;
+------------------------------+-------+---------------+------------------------------------------------+---------------------+---------------------+------------+----------+--------------+
; Worst-case tco               ; N/A   ; None          ; 14.800 ns                                      ; encoder:inst|cnt[2] ; dot                 ; clk6mhz    ; --       ; 0            ;
; Clock Setup: 'clk6mhz'       ; N/A   ; None          ; Restricted to 125.00 MHz ( period = 8.000 ns ) ; encoder:inst|cnt[1] ; encoder:inst|cnt[2] ; clk6mhz    ; clk6mhz  ; 0            ;
; Total number of failed paths ;       ;               ;                                                ;                     ;                     ;            ;          ; 0            ;
+------------------------------+-------+---------------+------------------------------------------------+---------------------+---------------------+------------+----------+--------------+


+--------------------------------------------------------------------------------------------------------------------+
; Timing Analyzer Settings                                                                                           ;
+---------------------------------------------------------------------+--------------------+------+----+-------------+
; Option                                                              ; Setting            ; From ; To ; Entity Name ;
+---------------------------------------------------------------------+--------------------+------+----+-------------+
; Device Name                                                         ; EPF10K20TC144-3    ;      ;    ;             ;
; Timing Models                                                       ; Final              ;      ;    ;             ;
; Default hold multicycle                                             ; Same as Multicycle ;      ;    ;             ;
; Cut paths between unrelated clock domains                           ; On                 ;      ;    ;             ;
; Cut off read during write signal paths                              ; On                 ;      ;    ;             ;
; Cut off feedback from I/O pins                                      ; On                 ;      ;    ;             ;
; Report Combined Fast/Slow Timing                                    ; Off                ;      ;    ;             ;
; Ignore Clock Settings                                               ; Off                ;      ;    ;             ;
; Analyze latches as synchronous elements                             ; On                 ;      ;    ;             ;
; Enable Recovery/Removal analysis                                    ; Off                ;      ;    ;             ;
; Enable Clock Latency                                                ; Off                ;      ;    ;             ;
; Use TimeQuest Timing Analyzer                                       ; Off                ;      ;    ;             ;
; Minimum Core Junction Temperature                                   ; 0                  ;      ;    ;             ;
; Maximum Core Junction Temperature                                   ; 85                 ;      ;    ;             ;
; Number of source nodes to report per destination node               ; 10                 ;      ;    ;             ;
; Number of destination nodes to report                               ; 10                 ;      ;    ;             ;
; Number of paths to report                                           ; 200                ;      ;    ;             ;
; Report Minimum Timing Checks                                        ; Off                ;      ;    ;             ;
; Use Fast Timing Models                                              ; Off                ;      ;    ;             ;
; Report IO Paths Separately                                          ; Off                ;      ;    ;             ;
; Perform Multicorner Analysis                                        ; Off                ;      ;    ;             ;
; Reports the worst-case path for each clock domain and analysis      ; Off                ;      ;    ;             ;
; Removes common clock path pessimism (CCPP) during slack computation ; Off                ;      ;    ;             ;
; Output I/O Timing Endpoint                                          ; Near End           ;      ;    ;             ;
+---------------------------------------------------------------------+--------------------+------+----+-------------+


+------------------------------------------------------------------------------------------------------------------------------------------------------------------------------------+
; Clock Settings Summary                                                                                                                                                             ;
+-----------------+--------------------+----------+------------------+---------------+--------------+----------+-----------------------+---------------------+--------+--------------+
; Clock Node Name ; Clock Setting Name ; Type     ; Fmax Requirement ; Early Latency ; Late Latency ; Based on ; Multiply Base Fmax by ; Divide Base Fmax by ; Offset ; Phase offset ;
+-----------------+--------------------+----------+------------------+---------------+--------------+----------+-----------------------+---------------------+--------+--------------+
; clk6mhz         ;                    ; User Pin ; None             ; 0.000 ns      ; 0.000 ns     ; --       ; N/A                   ; N/A                 ; N/A    ;              ;
+-----------------+--------------------+----------+------------------+---------------+--------------+----------+-----------------------+---------------------+--------+--------------+


+------------------------------------------+
; Parallel Compilation                     ;
+----------------------------+-------------+
; Processors                 ; Number      ;
+----------------------------+-------------+
; Number detected on machine ; 4           ;
; Maximum allowed            ; 4           ;
;                            ;             ;
; Average used               ; 1.00        ;
; Maximum used               ; 1           ;
;                            ;             ;
; Usage by Processor         ; % Time Used ;
;     1 processor            ; 100.0%      ;
;     2-4 processors         ;   0.0%      ;
+----------------------------+-------------+


+----------------------------------------------------------------------------------------------------------------------------------------------------------------------------------------------------------------+
; Clock Setup: 'clk6mhz'                                                                                                                                                                                         ;
+-------+------------------------------------------------+---------------------+---------------------+------------+----------+-----------------------------+---------------------------+-------------------------+
; Slack ; Actual fmax (period)                           ; From                ; To                  ; From Clock ; To Clock ; Required Setup Relationship ; Required Longest P2P Time ; Actual Longest P2P Time ;
+-------+------------------------------------------------+---------------------+---------------------+------------+----------+-----------------------------+---------------------------+-------------------------+
; N/A   ; Restricted to 125.00 MHz ( period = 8.000 ns ) ; encoder:inst|cnt[1] ; encoder:inst|cnt[2] ; clk6mhz    ; clk6mhz  ; None                        ; None                      ; 3.500 ns                ;
; N/A   ; Restricted to 125.00 MHz ( period = 8.000 ns ) ; encoder:inst|cnt[0] ; encoder:inst|cnt[2] ; clk6mhz    ; clk6mhz  ; None                        ; None                      ; 3.000 ns                ;
; N/A   ; Restricted to 125.00 MHz ( period = 8.000 ns ) ; encoder:inst|cnt[2] ; encoder:inst|cnt[2] ; clk6mhz    ; clk6mhz  ; None                        ; None                      ; 2.000 ns                ;
; N/A   ; Restricted to 125.00 MHz ( period = 8.000 ns ) ; encoder:inst|cnt[1] ; encoder:inst|cnt[1] ; clk6mhz    ; clk6mhz  ; None                        ; None                      ; 2.000 ns                ;
; N/A   ; Restricted to 125.00 MHz ( period = 8.000 ns ) ; encoder:inst|cnt[0] ; encoder:inst|cnt[0] ; clk6mhz    ; clk6mhz  ; None                        ; None                      ; 1.500 ns                ;
; N/A   ; Restricted to 125.00 MHz ( period = 8.000 ns ) ; encoder:inst|cnt[0] ; encoder:inst|cnt[1] ; clk6mhz    ; clk6mhz  ; None                        ; None                      ; 1.500 ns                ;
+-------+------------------------------------------------+---------------------+---------------------+------------+----------+-----------------------------+---------------------------+-------------------------+


+--------------------------------------------------------------------------------+
; tco                                                                            ;
+-------+--------------+------------+---------------------+---------+------------+
; Slack ; Required tco ; Actual tco ; From                ; To      ; From Clock ;
+-------+--------------+------------+---------------------+---------+------------+
; N/A   ; None         ; 14.800 ns  ; encoder:inst|cnt[2] ; dot     ; clk6mhz    ;
; N/A   ; None         ; 14.500 ns  ; encoder:inst|cnt[2] ; scan[0] ; clk6mhz    ;
; N/A   ; None         ; 14.500 ns  ; encoder:inst|cnt[2] ; scan[1] ; clk6mhz    ;
; N/A   ; None         ; 14.500 ns  ; encoder:inst|cnt[2] ; scan[2] ; clk6mhz    ;
; N/A   ; None         ; 14.100 ns  ; encoder:inst|cnt[2] ; scan[4] ; clk6mhz    ;
; N/A   ; None         ; 14.100 ns  ; encoder:inst|cnt[2] ; scan[5] ; clk6mhz    ;
; N/A   ; None         ; 14.000 ns  ; encoder:inst|cnt[1] ; scan[0] ; clk6mhz    ;
; N/A   ; None         ; 14.000 ns  ; encoder:inst|cnt[0] ; scan[1] ; clk6mhz    ;
; N/A   ; None         ; 13.900 ns  ; encoder:inst|cnt[1] ; scan[2] ; clk6mhz    ;
; N/A   ; None         ; 13.900 ns  ; encoder:inst|cnt[2] ; scan[6] ; clk6mhz    ;
; N/A   ; None         ; 13.900 ns  ; encoder:inst|cnt[1] ; dot     ; clk6mhz    ;
; N/A   ; None         ; 13.600 ns  ; encoder:inst|cnt[2] ; scan[3] ; clk6mhz    ;
; N/A   ; None         ; 13.500 ns  ; encoder:inst|cnt[0] ; scan[0] ; clk6mhz    ;
; N/A   ; None         ; 13.500 ns  ; encoder:inst|cnt[1] ; scan[1] ; clk6mhz    ;
; N/A   ; None         ; 13.400 ns  ; encoder:inst|cnt[0] ; scan[2] ; clk6mhz    ;
; N/A   ; None         ; 13.400 ns  ; encoder:inst|cnt[1] ; scan[6] ; clk6mhz    ;
; N/A   ; None         ; 13.400 ns  ; encoder:inst|cnt[1] ; scan[7] ; clk6mhz    ;
; N/A   ; None         ; 13.400 ns  ; encoder:inst|cnt[0] ; dot     ; clk6mhz    ;
; N/A   ; None         ; 12.900 ns  ; encoder:inst|cnt[0] ; scan[6] ; clk6mhz    ;
; N/A   ; None         ; 12.900 ns  ; encoder:inst|cnt[0] ; scan[7] ; clk6mhz    ;
; N/A   ; None         ; 11.900 ns  ; encoder:inst|cnt[0] ; scan[3] ; clk6mhz    ;
; N/A   ; None         ; 11.900 ns  ; encoder:inst|cnt[1] ; scan[3] ; clk6mhz    ;
; N/A   ; None         ; 11.900 ns  ; encoder:inst|cnt[1] ; scan[4] ; clk6mhz    ;
; N/A   ; None         ; 11.900 ns  ; encoder:inst|cnt[0] ; scan[5] ; clk6mhz    ;
; N/A   ; None         ; 11.900 ns  ; encoder:inst|cnt[2] ; scan[7] ; clk6mhz    ;
; N/A   ; None         ; 11.400 ns  ; encoder:inst|cnt[0] ; scan[4] ; clk6mhz    ;
; N/A   ; None         ; 11.400 ns  ; encoder:inst|cnt[1] ; scan[5] ; clk6mhz    ;
+-------+--------------+------------+---------------------+---------+------------+


+--------------------------+
; Timing Analyzer Messages ;
+--------------------------+
Info: *******************************************************************
Info: Running Quartus II 64-Bit Classic Timing Analyzer
    Info: Version 9.0 Build 132 02/25/2009 SJ Full Version
    Info: Processing started: Wed Nov 30 13:17:47 2022
Info: Command: quartus_tan --read_settings_files=off --write_settings_files=off taxi_encoder -c taxi_encoder
Info: Parallel compilation is enabled and will use 4 of the 4 processors detected
Info: Started post-fitting delay annotation
Info: Delay annotation completed successfully
Warning: Found pins functioning as undefined clocks and/or memory enables
    Info: Assuming node "clk6mhz" is an undefined clock
Info: Clock "clk6mhz" Internal fmax is restricted to 125.0 MHz between source register "encoder:inst|cnt[1]" and destination register "encoder:inst|cnt[2]"
    Info: fmax restricted to Clock High delay (4.0 ns) plus Clock Low delay (4.0 ns) : restricted to 8.0 ns. Expand message to see actual delay path.
        Info: + Longest register to register delay is 3.500 ns
            Info: 1: + IC(0.000 ns) + CELL(0.000 ns) = 0.000 ns; Loc. = LC1_A15; Fanout = 11; REG Node = 'encoder:inst|cnt[1]'
            Info: 2: + IC(2.100 ns) + CELL(1.400 ns) = 3.500 ns; Loc. = LC1_A19; Fanout = 10; REG Node = 'encoder:inst|cnt[2]'
            Info: Total cell delay = 1.400 ns ( 40.00 % )
            Info: Total interconnect delay = 2.100 ns ( 60.00 % )
        Info: - Smallest clock skew is 0.000 ns
            Info: + Shortest clock path from clock "clk6mhz" to destination register is 3.900 ns
                Info: 1: + IC(0.000 ns) + CELL(1.900 ns) = 1.900 ns; Loc. = PIN_55; Fanout = 3; CLK Node = 'clk6mhz'
                Info: 2: + IC(2.000 ns) + CELL(0.000 ns) = 3.900 ns; Loc. = LC1_A19; Fanout = 10; REG Node = 'encoder:inst|cnt[2]'
                Info: Total cell delay = 1.900 ns ( 48.72 % )
                Info: Total interconnect delay = 2.000 ns ( 51.28 % )
            Info: - Longest clock path from clock "clk6mhz" to source register is 3.900 ns
                Info: 1: + IC(0.000 ns) + CELL(1.900 ns) = 1.900 ns; Loc. = PIN_55; Fanout = 3; CLK Node = 'clk6mhz'
                Info: 2: + IC(2.000 ns) + CELL(0.000 ns) = 3.900 ns; Loc. = LC1_A15; Fanout = 11; REG Node = 'encoder:inst|cnt[1]'
                Info: Total cell delay = 1.900 ns ( 48.72 % )
                Info: Total interconnect delay = 2.000 ns ( 51.28 % )
        Info: + Micro clock to output delay of source is 0.900 ns
        Info: + Micro setup delay of destination is 1.300 ns
Info: tco from clock "clk6mhz" to destination pin "dot" through register "encoder:inst|cnt[2]" is 14.800 ns
    Info: + Longest clock path from clock "clk6mhz" to source register is 3.900 ns
        Info: 1: + IC(0.000 ns) + CELL(1.900 ns) = 1.900 ns; Loc. = PIN_55; Fanout = 3; CLK Node = 'clk6mhz'
        Info: 2: + IC(2.000 ns) + CELL(0.000 ns) = 3.900 ns; Loc. = LC1_A19; Fanout = 10; REG Node = 'encoder:inst|cnt[2]'
        Info: Total cell delay = 1.900 ns ( 48.72 % )
        Info: Total interconnect delay = 2.000 ns ( 51.28 % )
    Info: + Micro clock to output delay of source is 0.900 ns
    Info: + Longest register to pin delay is 10.000 ns
        Info: 1: + IC(0.000 ns) + CELL(0.000 ns) = 0.000 ns; Loc. = LC1_A19; Fanout = 10; REG Node = 'encoder:inst|cnt[2]'
        Info: 2: + IC(2.900 ns) + CELL(1.900 ns) = 4.800 ns; Loc. = LC2_A13; Fanout = 1; COMB Node = 'encoder:inst|Mux4~0'
        Info: 3: + IC(1.300 ns) + CELL(3.900 ns) = 10.000 ns; Loc. = PIN_144; Fanout = 0; PIN Node = 'dot'
        Info: Total cell delay = 5.800 ns ( 58.00 % )
        Info: Total interconnect delay = 4.200 ns ( 42.00 % )
Info: Quartus II 64-Bit Classic Timing Analyzer was successful. 0 errors, 1 warning
    Info: Peak virtual memory: 4362 megabytes
    Info: Processing ended: Wed Nov 30 13:17:47 2022
    Info: Elapsed time: 00:00:00
    Info: Total CPU time (on all processors): 00:00:00


